<?xml version="1.0" encoding="UTF-8"?>
<!-- Generated by org.testng.reporters.JUnitReportReporter -->
<testsuite name="com.demoaut.newtours.TestScript.TestFlightBooking" tests="1" time="7.395" ignored="2" failures="0" timestamp="21 Apr 2017 05:10:58 GMT" skipped="0" hostname="FORHAD-PC" errors="0">
  <testcase name="BookTicketTest" time="7.395" classname="com.demoaut.newtours.TestScript.TestFlightBooking"/>
  <testcase name="tearDown" classname="com.demoaut.newtours.TestScript.BaseTest">
    <skipped/>
  </testcase> <!-- tearDown -->
  <testcase name="openBrowser" classname="com.demoaut.newtours.TestScript.BaseTest">
    <skipped/>
  </testcase> <!-- openBrowser -->
</testsuite> <!-- com.demoaut.newtours.TestScript.TestFlightBooking -->
