<?xml version="1.0" encoding="UTF-8"?>
<!-- Generated by org.testng.reporters.JUnitReportReporter -->
<testsuite name="com.demoaut.newtours.TestScript.ValidateCredential" tests="1" time="4.182" ignored="0" failures="0" timestamp="21 Apr 2017 05:12:36 GMT" skipped="0" hostname="FORHAD-PC" errors="0">
  <testcase name="validateCreden" time="4.182" classname="com.demoaut.newtours.TestScript.ValidateCredential"/>
</testsuite> <!-- com.demoaut.newtours.TestScript.ValidateCredential -->
